[     116ms] [ERROR] WebSocket connection to 'ws://localhost:4444/dcc45f58-5852-4532-a05e-36e7bc4490e5' failed: Error in connection establishment: net::ERR_CONNECTION_REFUSED @ http://localhost:3000/_next/static/chunks/node_modules__pnpm_0.3z_6x._.js:19060
[     318ms] [ERROR] WebSocket connection to 'ws://localhost:4444/dcc45f58-5852-4532-a05e-36e7bc4490e5' failed: Error in connection establishment: net::ERR_CONNECTION_REFUSED @ http://localhost:3000/_next/static/chunks/node_modules__pnpm_0.3z_6x._.js:19060
[     721ms] [ERROR] WebSocket connection to 'ws://localhost:4444/dcc45f58-5852-4532-a05e-36e7bc4490e5' failed: Error in connection establishment: net::ERR_CONNECTION_REFUSED @ http://localhost:3000/_next/static/chunks/node_modules__pnpm_0.3z_6x._.js:19060
[    1525ms] [ERROR] WebSocket connection to 'ws://localhost:4444/dcc45f58-5852-4532-a05e-36e7bc4490e5' failed: Error in connection establishment: net::ERR_CONNECTION_REFUSED @ http://localhost:3000/_next/static/chunks/node_modules__pnpm_0.3z_6x._.js:19060
[    3128ms] [ERROR] WebSocket connection to 'ws://localhost:4444/dcc45f58-5852-4532-a05e-36e7bc4490e5' failed: Error in connection establishment: net::ERR_CONNECTION_REFUSED @ http://localhost:3000/_next/static/chunks/node_modules__pnpm_0.3z_6x._.js:19060
[    5635ms] [ERROR] WebSocket connection to 'ws://localhost:4444/dcc45f58-5852-4532-a05e-36e7bc4490e5' failed: Error in connection establishment: net::ERR_CONNECTION_REFUSED @ http://localhost:3000/_next/static/chunks/node_modules__pnpm_0.3z_6x._.js:19060
[    8142ms] [ERROR] WebSocket connection to 'ws://localhost:4444/dcc45f58-5852-4532-a05e-36e7bc4490e5' failed: Error in connection establishment: net::ERR_CONNECTION_REFUSED @ http://localhost:3000/_next/static/chunks/node_modules__pnpm_0.3z_6x._.js:19060
[   10654ms] [ERROR] WebSocket connection to 'ws://localhost:4444/dcc45f58-5852-4532-a05e-36e7bc4490e5' failed: Error in connection establishment: net::ERR_CONNECTION_REFUSED @ http://localhost:3000/_next/static/chunks/node_modules__pnpm_0.3z_6x._.js:19060
[   13165ms] [ERROR] WebSocket connection to 'ws://localhost:4444/dcc45f58-5852-4532-a05e-36e7bc4490e5' failed: Error in connection establishment: net::ERR_CONNECTION_REFUSED @ http://localhost:3000/_next/static/chunks/node_modules__pnpm_0.3z_6x._.js:19060
[   15675ms] [ERROR] WebSocket connection to 'ws://localhost:4444/dcc45f58-5852-4532-a05e-36e7bc4490e5' failed: Error in connection establishment: net::ERR_CONNECTION_REFUSED @ http://localhost:3000/_next/static/chunks/node_modules__pnpm_0.3z_6x._.js:19060
[   18215ms] [ERROR] WebSocket connection to 'ws://localhost:4444/dcc45f58-5852-4532-a05e-36e7bc4490e5' failed: Error in connection establishment: net::ERR_CONNECTION_REFUSED @ http://localhost:3000/_next/static/chunks/node_modules__pnpm_0.3z_6x._.js:19060
[   20745ms] [ERROR] WebSocket connection to 'ws://localhost:4444/dcc45f58-5852-4532-a05e-36e7bc4490e5' failed: Error in connection establishment: net::ERR_CONNECTION_REFUSED @ http://localhost:3000/_next/static/chunks/node_modules__pnpm_0.3z_6x._.js:19060
[   23278ms] [ERROR] WebSocket connection to 'ws://localhost:4444/dcc45f58-5852-4532-a05e-36e7bc4490e5' failed: Error in connection establishment: net::ERR_CONNECTION_REFUSED @ http://localhost:3000/_next/static/chunks/node_modules__pnpm_0.3z_6x._.js:19060
[   25814ms] [ERROR] WebSocket connection to 'ws://localhost:4444/dcc45f58-5852-4532-a05e-36e7bc4490e5' failed: Error in connection establishment: net::ERR_CONNECTION_REFUSED @ http://localhost:3000/_next/static/chunks/node_modules__pnpm_0.3z_6x._.js:19060
[   28420ms] [ERROR] WebSocket connection to 'ws://localhost:4444/dcc45f58-5852-4532-a05e-36e7bc4490e5' failed: Error in connection establishment: net::ERR_CONNECTION_REFUSED @ http://localhost:3000/_next/static/chunks/node_modules__pnpm_0.3z_6x._.js:19060
[   30976ms] [ERROR] WebSocket connection to 'ws://localhost:4444/dcc45f58-5852-4532-a05e-36e7bc4490e5' failed: Error in connection establishment: net::ERR_CONNECTION_REFUSED @ http://localhost:3000/_next/static/chunks/node_modules__pnpm_0.3z_6x._.js:19060
[   33689ms] [ERROR] WebSocket connection to 'ws://localhost:4444/dcc45f58-5852-4532-a05e-36e7bc4490e5' failed: Error in connection establishment: net::ERR_CONNECTION_REFUSED @ http://localhost:3000/_next/static/chunks/node_modules__pnpm_0.3z_6x._.js:19060
[   36366ms] [ERROR] WebSocket connection to 'ws://localhost:4444/dcc45f58-5852-4532-a05e-36e7bc4490e5' failed: Error in connection establishment: net::ERR_CONNECTION_REFUSED @ http://localhost:3000/_next/static/chunks/node_modules__pnpm_0.3z_6x._.js:19060
[   39097ms] [ERROR] WebSocket connection to 'ws://localhost:4444/dcc45f58-5852-4532-a05e-36e7bc4490e5' failed: Error in connection establishment: net::ERR_CONNECTION_REFUSED @ http://localhost:3000/_next/static/chunks/node_modules__pnpm_0.3z_6x._.js:19060
[   41860ms] [ERROR] WebSocket connection to 'ws://localhost:4444/dcc45f58-5852-4532-a05e-36e7bc4490e5' failed: Error in connection establishment: net::ERR_CONNECTION_REFUSED @ http://localhost:3000/_next/static/chunks/node_modules__pnpm_0.3z_6x._.js:19060
[   45332ms] [ERROR] WebSocket connection to 'ws://localhost:4444/dcc45f58-5852-4532-a05e-36e7bc4490e5' failed: Error in connection establishment: net::ERR_CONNECTION_REFUSED @ http://localhost:3000/_next/static/chunks/node_modules__pnpm_0.3z_6x._.js:19060
[   48507ms] [ERROR] WebSocket connection to 'ws://localhost:4444/dcc45f58-5852-4532-a05e-36e7bc4490e5' failed: Error in connection establishment: net::ERR_CONNECTION_REFUSED @ http://localhost:3000/_next/static/chunks/node_modules__pnpm_0.3z_6x._.js:19060
[   53262ms] [ERROR] WebSocket connection to 'ws://localhost:4444/dcc45f58-5852-4532-a05e-36e7bc4490e5' failed: Error in connection establishment: net::ERR_CONNECTION_REFUSED @ http://localhost:3000/_next/static/chunks/node_modules__pnpm_0.3z_6x._.js:19060
[   57824ms] [ERROR] WebSocket connection to 'ws://localhost:4444/dcc45f58-5852-4532-a05e-36e7bc4490e5' failed: Error in connection establishment: net::ERR_CONNECTION_REFUSED @ http://localhost:3000/_next/static/chunks/node_modules__pnpm_0.3z_6x._.js:19060
[   61764ms] [ERROR] WebSocket connection to 'ws://localhost:4444/dcc45f58-5852-4532-a05e-36e7bc4490e5' failed: Error in connection establishment: net::ERR_CONNECTION_REFUSED @ http://localhost:3000/_next/static/chunks/node_modules__pnpm_0.3z_6x._.js:19060
[   67130ms] [ERROR] WebSocket connection to 'ws://localhost:4444/dcc45f58-5852-4532-a05e-36e7bc4490e5' failed: Error in connection establishment: net::ERR_CONNECTION_REFUSED @ http://localhost:3000/_next/static/chunks/node_modules__pnpm_0.3z_6x._.js:19060
[   74638ms] [ERROR] WebSocket connection to 'ws://localhost:4444/dcc45f58-5852-4532-a05e-36e7bc4490e5' failed: Error in connection establishment: net::ERR_CONNECTION_REFUSED @ http://localhost:3000/_next/static/chunks/node_modules__pnpm_0.3z_6x._.js:19060
[   82073ms] [ERROR] WebSocket connection to 'ws://localhost:4444/dcc45f58-5852-4532-a05e-36e7bc4490e5' failed: Error in connection establishment: net::ERR_CONNECTION_REFUSED @ http://localhost:3000/_next/static/chunks/node_modules__pnpm_0.3z_6x._.js:19060
[   86761ms] [ERROR] WebSocket connection to 'ws://localhost:4444/dcc45f58-5852-4532-a05e-36e7bc4490e5' failed: Error in connection establishment: net::ERR_CONNECTION_REFUSED @ http://localhost:3000/_next/static/chunks/node_modules__pnpm_0.3z_6x._.js:19060
[   91631ms] [ERROR] WebSocket connection to 'ws://localhost:4444/dcc45f58-5852-4532-a05e-36e7bc4490e5' failed: Error in connection establishment: net::ERR_CONNECTION_REFUSED @ http://localhost:3000/_next/static/chunks/node_modules__pnpm_0.3z_6x._.js:19060
[   95438ms] [ERROR] WebSocket connection to 'ws://localhost:4444/dcc45f58-5852-4532-a05e-36e7bc4490e5' failed: Error in connection establishment: net::ERR_CONNECTION_REFUSED @ http://localhost:3000/_next/static/chunks/node_modules__pnpm_0.3z_6x._.js:19060
[  101443ms] [ERROR] WebSocket connection to 'ws://localhost:4444/dcc45f58-5852-4532-a05e-36e7bc4490e5' failed: Error in connection establishment: net::ERR_CONNECTION_REFUSED @ http://localhost:3000/_next/static/chunks/node_modules__pnpm_0.3z_6x._.js:19060
[  105722ms] [ERROR] WebSocket connection to 'ws://localhost:4444/dcc45f58-5852-4532-a05e-36e7bc4490e5' failed: Error in connection establishment: net::ERR_CONNECTION_REFUSED @ http://localhost:3000/_next/static/chunks/node_modules__pnpm_0.3z_6x._.js:19060
[  111193ms] [ERROR] WebSocket connection to 'ws://localhost:4444/dcc45f58-5852-4532-a05e-36e7bc4490e5' failed: Error in connection establishment: net::ERR_CONNECTION_REFUSED @ http://localhost:3000/_next/static/chunks/node_modules__pnpm_0.3z_6x._.js:19060
[  117833ms] [ERROR] WebSocket connection to 'ws://localhost:4444/dcc45f58-5852-4532-a05e-36e7bc4490e5' failed: Error in connection establishment: net::ERR_CONNECTION_REFUSED @ http://localhost:3000/_next/static/chunks/node_modules__pnpm_0.3z_6x._.js:19060
[  122518ms] [ERROR] WebSocket connection to 'ws://localhost:4444/dcc45f58-5852-4532-a05e-36e7bc4490e5' failed: Error in connection establishment: net::ERR_CONNECTION_REFUSED @ http://localhost:3000/_next/static/chunks/node_modules__pnpm_0.3z_6x._.js:19060
[  129609ms] [ERROR] WebSocket connection to 'ws://localhost:4444/dcc45f58-5852-4532-a05e-36e7bc4490e5' failed: Error in connection establishment: net::ERR_CONNECTION_REFUSED @ http://localhost:3000/_next/static/chunks/node_modules__pnpm_0.3z_6x._.js:19060
[  136155ms] [ERROR] WebSocket connection to 'ws://localhost:4444/dcc45f58-5852-4532-a05e-36e7bc4490e5' failed: Error in connection establishment: net::ERR_CONNECTION_REFUSED @ http://localhost:3000/_next/static/chunks/node_modules__pnpm_0.3z_6x._.js:19060
[  143387ms] [ERROR] WebSocket connection to 'ws://localhost:4444/dcc45f58-5852-4532-a05e-36e7bc4490e5' failed: Error in connection establishment: net::ERR_CONNECTION_REFUSED @ http://localhost:3000/_next/static/chunks/node_modules__pnpm_0.3z_6x._.js:19060
[  148548ms] [ERROR] WebSocket connection to 'ws://localhost:4444/dcc45f58-5852-4532-a05e-36e7bc4490e5' failed: Error in connection establishment: net::ERR_CONNECTION_REFUSED @ http://localhost:3000/_next/static/chunks/node_modules__pnpm_0.3z_6x._.js:19060
[  152452ms] [ERROR] WebSocket connection to 'ws://localhost:4444/dcc45f58-5852-4532-a05e-36e7bc4490e5' failed: Error in connection establishment: net::ERR_CONNECTION_REFUSED @ http://localhost:3000/_next/static/chunks/node_modules__pnpm_0.3z_6x._.js:19060
[  159788ms] [ERROR] WebSocket connection to 'ws://localhost:4444/dcc45f58-5852-4532-a05e-36e7bc4490e5' failed: Error in connection establishment: net::ERR_CONNECTION_REFUSED @ http://localhost:3000/_next/static/chunks/node_modules__pnpm_0.3z_6x._.js:19060
[  164480ms] [WARNING] WebSocket connection to 'ws://localhost:4444/dcc45f58-5852-4532-a05e-36e7bc4490e5' failed: WebSocket is closed before the connection is established. @ http://localhost:3000/_next/static/chunks/node_modules__pnpm_0.3z_6x._.js:19036
[  169332ms] [WARNING] WebSocket connection to 'ws://localhost:4444/a52a901a-e129-4bd7-9660-12a107ed8c29' failed: WebSocket is closed before the connection is established. @ http://localhost:3000/_next/static/chunks/node_modules__pnpm_0.3z_6x._.js:19036
[  171411ms] [ERROR] WebSocket connection to 'ws://localhost:4444/a52a901a-e129-4bd7-9660-12a107ed8c29' failed: Error in connection establishment: net::ERR_CONNECTION_REFUSED @ http://localhost:3000/_next/static/chunks/node_modules__pnpm_0.3z_6x._.js:19060
[  175114ms] [ERROR] WebSocket connection to 'ws://localhost:4444/a52a901a-e129-4bd7-9660-12a107ed8c29' failed: Error in connection establishment: net::ERR_CONNECTION_REFUSED @ http://localhost:3000/_next/static/chunks/node_modules__pnpm_0.3z_6x._.js:19060
[  177732ms] [ERROR] WebSocket connection to 'ws://localhost:4444/a52a901a-e129-4bd7-9660-12a107ed8c29' failed: Error in connection establishment: net::ERR_CONNECTION_REFUSED @ http://localhost:3000/_next/static/chunks/node_modules__pnpm_0.3z_6x._.js:19060
[  182811ms] [ERROR] WebSocket connection to 'ws://localhost:4444/a52a901a-e129-4bd7-9660-12a107ed8c29' failed: Error in connection establishment: net::ERR_CONNECTION_REFUSED @ http://localhost:3000/_next/static/chunks/node_modules__pnpm_0.3z_6x._.js:19060
[  186449ms] [WARNING] WebSocket connection to 'ws://localhost:4444/a52a901a-e129-4bd7-9660-12a107ed8c29' failed: WebSocket is closed before the connection is established. @ http://localhost:3000/_next/static/chunks/node_modules__pnpm_0.3z_6x._.js:19036
[  191192ms] [WARNING] WebSocket connection to 'ws://localhost:4444/db07332f-0cc4-4d8f-aea0-75c04f8705bd' failed: WebSocket is closed before the connection is established. @ http://localhost:3000/_next/static/chunks/node_modules__pnpm_0.3z_6x._.js:19036
[  192265ms] [ERROR] WebSocket connection to 'ws://localhost:4444/db07332f-0cc4-4d8f-aea0-75c04f8705bd' failed: Error in connection establishment: net::ERR_CONNECTION_REFUSED @ http://localhost:3000/_next/static/chunks/node_modules__pnpm_0.3z_6x._.js:19060
[  195668ms] [ERROR] WebSocket connection to 'ws://localhost:4444/db07332f-0cc4-4d8f-aea0-75c04f8705bd' failed: Error in connection establishment: net::ERR_CONNECTION_REFUSED @ http://localhost:3000/_next/static/chunks/node_modules__pnpm_0.3z_6x._.js:19060
[  197167ms] [ERROR] WebSocket connection to 'ws://localhost:4444/db07332f-0cc4-4d8f-aea0-75c04f8705bd' failed: Error in connection establishment: net::ERR_CONNECTION_REFUSED @ http://localhost:3000/_next/static/chunks/node_modules__pnpm_0.3z_6x._.js:19060
[  199810ms] [ERROR] WebSocket connection to 'ws://localhost:4444/db07332f-0cc4-4d8f-aea0-75c04f8705bd' failed: Error in connection establishment: net::ERR_CONNECTION_REFUSED @ http://localhost:3000/_next/static/chunks/node_modules__pnpm_0.3z_6x._.js:19060
[  205094ms] [ERROR] WebSocket connection to 'ws://localhost:4444/db07332f-0cc4-4d8f-aea0-75c04f8705bd' failed: Error in connection establishment: net::ERR_CONNECTION_REFUSED @ http://localhost:3000/_next/static/chunks/node_modules__pnpm_0.3z_6x._.js:19060
[  209408ms] [ERROR] WebSocket connection to 'ws://localhost:4444/db07332f-0cc4-4d8f-aea0-75c04f8705bd' failed: Error in connection establishment: net::ERR_CONNECTION_REFUSED @ http://localhost:3000/_next/static/chunks/node_modules__pnpm_0.3z_6x._.js:19060
[  215365ms] [ERROR] WebSocket connection to 'ws://localhost:4444/db07332f-0cc4-4d8f-aea0-75c04f8705bd' failed: Error in connection establishment: net::ERR_CONNECTION_REFUSED @ http://localhost:3000/_next/static/chunks/node_modules__pnpm_0.3z_6x._.js:19060
[  220265ms] [ERROR] WebSocket connection to 'ws://localhost:4444/db07332f-0cc4-4d8f-aea0-75c04f8705bd' failed: Error in connection establishment: net::ERR_CONNECTION_REFUSED @ http://localhost:3000/_next/static/chunks/node_modules__pnpm_0.3z_6x._.js:19060
[  223886ms] [ERROR] WebSocket connection to 'ws://localhost:4444/db07332f-0cc4-4d8f-aea0-75c04f8705bd' failed: Error in connection establishment: net::ERR_CONNECTION_REFUSED @ http://localhost:3000/_next/static/chunks/node_modules__pnpm_0.3z_6x._.js:19060
[  226387ms] [ERROR] WebSocket connection to 'ws://localhost:4444/db07332f-0cc4-4d8f-aea0-75c04f8705bd' failed: Error in connection establishment: net::ERR_CONNECTION_REFUSED @ http://localhost:3000/_next/static/chunks/node_modules__pnpm_0.3z_6x._.js:19060
[  228890ms] [ERROR] WebSocket connection to 'ws://localhost:4444/db07332f-0cc4-4d8f-aea0-75c04f8705bd' failed: Error in connection establishment: net::ERR_CONNECTION_REFUSED @ http://localhost:3000/_next/static/chunks/node_modules__pnpm_0.3z_6x._.js:19060
[  231392ms] [ERROR] WebSocket connection to 'ws://localhost:4444/db07332f-0cc4-4d8f-aea0-75c04f8705bd' failed: Error in connection establishment: net::ERR_CONNECTION_REFUSED @ http://localhost:3000/_next/static/chunks/node_modules__pnpm_0.3z_6x._.js:19060
[  233894ms] [ERROR] WebSocket connection to 'ws://localhost:4444/db07332f-0cc4-4d8f-aea0-75c04f8705bd' failed: Error in connection establishment: net::ERR_CONNECTION_REFUSED @ http://localhost:3000/_next/static/chunks/node_modules__pnpm_0.3z_6x._.js:19060
[  236399ms] [ERROR] WebSocket connection to 'ws://localhost:4444/db07332f-0cc4-4d8f-aea0-75c04f8705bd' failed: Error in connection establishment: net::ERR_CONNECTION_REFUSED @ http://localhost:3000/_next/static/chunks/node_modules__pnpm_0.3z_6x._.js:19060
[  238905ms] [ERROR] WebSocket connection to 'ws://localhost:4444/db07332f-0cc4-4d8f-aea0-75c04f8705bd' failed: Error in connection establishment: net::ERR_CONNECTION_REFUSED @ http://localhost:3000/_next/static/chunks/node_modules__pnpm_0.3z_6x._.js:19060
[  241416ms] [ERROR] WebSocket connection to 'ws://localhost:4444/db07332f-0cc4-4d8f-aea0-75c04f8705bd' failed: Error in connection establishment: net::ERR_CONNECTION_REFUSED @ http://localhost:3000/_next/static/chunks/node_modules__pnpm_0.3z_6x._.js:19060
[  243930ms] [ERROR] WebSocket connection to 'ws://localhost:4444/db07332f-0cc4-4d8f-aea0-75c04f8705bd' failed: Error in connection establishment: net::ERR_CONNECTION_REFUSED @ http://localhost:3000/_next/static/chunks/node_modules__pnpm_0.3z_6x._.js:19060
[  246445ms] [ERROR] WebSocket connection to 'ws://localhost:4444/db07332f-0cc4-4d8f-aea0-75c04f8705bd' failed: Error in connection establishment: net::ERR_CONNECTION_REFUSED @ http://localhost:3000/_next/static/chunks/node_modules__pnpm_0.3z_6x._.js:19060
[  248972ms] [ERROR] WebSocket connection to 'ws://localhost:4444/db07332f-0cc4-4d8f-aea0-75c04f8705bd' failed: Error in connection establishment: net::ERR_CONNECTION_REFUSED @ http://localhost:3000/_next/static/chunks/node_modules__pnpm_0.3z_6x._.js:19060
[  251525ms] [ERROR] WebSocket connection to 'ws://localhost:4444/db07332f-0cc4-4d8f-aea0-75c04f8705bd' failed: Error in connection establishment: net::ERR_CONNECTION_REFUSED @ http://localhost:3000/_next/static/chunks/node_modules__pnpm_0.3z_6x._.js:19060
[  254282ms] [ERROR] WebSocket connection to 'ws://localhost:4444/db07332f-0cc4-4d8f-aea0-75c04f8705bd' failed: Error in connection establishment: net::ERR_CONNECTION_REFUSED @ http://localhost:3000/_next/static/chunks/node_modules__pnpm_0.3z_6x._.js:19060
[  256938ms] [ERROR] WebSocket connection to 'ws://localhost:4444/db07332f-0cc4-4d8f-aea0-75c04f8705bd' failed: Error in connection establishment: net::ERR_CONNECTION_REFUSED @ http://localhost:3000/_next/static/chunks/node_modules__pnpm_0.3z_6x._.js:19060
[  260374ms] [ERROR] WebSocket connection to 'ws://localhost:4444/db07332f-0cc4-4d8f-aea0-75c04f8705bd' failed: Error in connection establishment: net::ERR_CONNECTION_REFUSED @ http://localhost:3000/_next/static/chunks/node_modules__pnpm_0.3z_6x._.js:19060
[  263577ms] [ERROR] WebSocket connection to 'ws://localhost:4444/db07332f-0cc4-4d8f-aea0-75c04f8705bd' failed: Error in connection establishment: net::ERR_CONNECTION_REFUSED @ http://localhost:3000/_next/static/chunks/node_modules__pnpm_0.3z_6x._.js:19060
[  268672ms] [ERROR] WebSocket connection to 'ws://localhost:4444/db07332f-0cc4-4d8f-aea0-75c04f8705bd' failed: Error in connection establishment: net::ERR_CONNECTION_REFUSED @ http://localhost:3000/_next/static/chunks/node_modules__pnpm_0.3z_6x._.js:19060
[  273012ms] [ERROR] WebSocket connection to 'ws://localhost:4444/db07332f-0cc4-4d8f-aea0-75c04f8705bd' failed: Error in connection establishment: net::ERR_CONNECTION_REFUSED @ http://localhost:3000/_next/static/chunks/node_modules__pnpm_0.3z_6x._.js:19060
[  276745ms] [ERROR] WebSocket connection to 'ws://localhost:4444/db07332f-0cc4-4d8f-aea0-75c04f8705bd' failed: Error in connection establishment: net::ERR_CONNECTION_REFUSED @ http://localhost:3000/_next/static/chunks/node_modules__pnpm_0.3z_6x._.js:19060
[  281903ms] [ERROR] WebSocket connection to 'ws://localhost:4444/db07332f-0cc4-4d8f-aea0-75c04f8705bd' failed: Error in connection establishment: net::ERR_CONNECTION_REFUSED @ http://localhost:3000/_next/static/chunks/node_modules__pnpm_0.3z_6x._.js:19060
[  289108ms] [ERROR] WebSocket connection to 'ws://localhost:4444/db07332f-0cc4-4d8f-aea0-75c04f8705bd' failed: Error in connection establishment: net::ERR_CONNECTION_REFUSED @ http://localhost:3000/_next/static/chunks/node_modules__pnpm_0.3z_6x._.js:19060
[  295077ms] [ERROR] WebSocket connection to 'ws://localhost:4444/db07332f-0cc4-4d8f-aea0-75c04f8705bd' failed: Error in connection establishment: net::ERR_CONNECTION_REFUSED @ http://localhost:3000/_next/static/chunks/node_modules__pnpm_0.3z_6x._.js:19060
[  300671ms] [ERROR] WebSocket connection to 'ws://localhost:4444/db07332f-0cc4-4d8f-aea0-75c04f8705bd' failed: Error in connection establishment: net::ERR_CONNECTION_REFUSED @ http://localhost:3000/_next/static/chunks/node_modules__pnpm_0.3z_6x._.js:19060
[  307775ms] [ERROR] WebSocket connection to 'ws://localhost:4444/db07332f-0cc4-4d8f-aea0-75c04f8705bd' failed: Error in connection establishment: net::ERR_CONNECTION_REFUSED @ http://localhost:3000/_next/static/chunks/node_modules__pnpm_0.3z_6x._.js:19060
[  314959ms] [ERROR] WebSocket connection to 'ws://localhost:4444/db07332f-0cc4-4d8f-aea0-75c04f8705bd' failed: Error in connection establishment: net::ERR_CONNECTION_REFUSED @ http://localhost:3000/_next/static/chunks/node_modules__pnpm_0.3z_6x._.js:19060
[  320778ms] [ERROR] WebSocket connection to 'ws://localhost:4444/db07332f-0cc4-4d8f-aea0-75c04f8705bd' failed: Error in connection establishment: net::ERR_CONNECTION_REFUSED @ http://localhost:3000/_next/static/chunks/node_modules__pnpm_0.3z_6x._.js:19060
[  325615ms] [ERROR] WebSocket connection to 'ws://localhost:4444/db07332f-0cc4-4d8f-aea0-75c04f8705bd' failed: Error in connection establishment: net::ERR_CONNECTION_REFUSED @ http://localhost:3000/_next/static/chunks/node_modules__pnpm_0.3z_6x._.js:19060
[  331573ms] [ERROR] WebSocket connection to 'ws://localhost:4444/db07332f-0cc4-4d8f-aea0-75c04f8705bd' failed: Error in connection establishment: net::ERR_CONNECTION_REFUSED @ http://localhost:3000/_next/static/chunks/node_modules__pnpm_0.3z_6x._.js:19060
[  338602ms] [ERROR] WebSocket connection to 'ws://localhost:4444/db07332f-0cc4-4d8f-aea0-75c04f8705bd' failed: Error in connection establishment: net::ERR_CONNECTION_REFUSED @ http://localhost:3000/_next/static/chunks/node_modules__pnpm_0.3z_6x._.js:19060
[  342869ms] [ERROR] WebSocket connection to 'ws://localhost:4444/db07332f-0cc4-4d8f-aea0-75c04f8705bd' failed: Error in connection establishment: net::ERR_CONNECTION_REFUSED @ http://localhost:3000/_next/static/chunks/node_modules__pnpm_0.3z_6x._.js:19060
[  347629ms] [ERROR] WebSocket connection to 'ws://localhost:4444/db07332f-0cc4-4d8f-aea0-75c04f8705bd' failed: Error in connection establishment: net::ERR_CONNECTION_REFUSED @ http://localhost:3000/_next/static/chunks/node_modules__pnpm_0.3z_6x._.js:19060
[  352216ms] [ERROR] WebSocket connection to 'ws://localhost:4444/db07332f-0cc4-4d8f-aea0-75c04f8705bd' failed: Error in connection establishment: net::ERR_CONNECTION_REFUSED @ http://localhost:3000/_next/static/chunks/node_modules__pnpm_0.3z_6x._.js:19060
[  359183ms] [ERROR] WebSocket connection to 'ws://localhost:4444/db07332f-0cc4-4d8f-aea0-75c04f8705bd' failed: Error in connection establishment: net::ERR_CONNECTION_REFUSED @ http://localhost:3000/_next/static/chunks/node_modules__pnpm_0.3z_6x._.js:19060
[  363734ms] [ERROR] WebSocket connection to 'ws://localhost:4444/db07332f-0cc4-4d8f-aea0-75c04f8705bd' failed: Error in connection establishment: net::ERR_CONNECTION_REFUSED @ http://localhost:3000/_next/static/chunks/node_modules__pnpm_0.3z_6x._.js:19060
[  369951ms] [ERROR] WebSocket connection to 'ws://localhost:4444/db07332f-0cc4-4d8f-aea0-75c04f8705bd' failed: Error in connection establishment: net::ERR_CONNECTION_REFUSED @ http://localhost:3000/_next/static/chunks/node_modules__pnpm_0.3z_6x._.js:19060
[  376346ms] [ERROR] WebSocket connection to 'ws://localhost:4444/db07332f-0cc4-4d8f-aea0-75c04f8705bd' failed: Error in connection establishment: net::ERR_CONNECTION_REFUSED @ http://localhost:3000/_next/static/chunks/node_modules__pnpm_0.3z_6x._.js:19060
[  380607ms] [ERROR] WebSocket connection to 'ws://localhost:4444/db07332f-0cc4-4d8f-aea0-75c04f8705bd' failed: Error in connection establishment: net::ERR_CONNECTION_REFUSED @ http://localhost:3000/_next/static/chunks/node_modules__pnpm_0.3z_6x._.js:19060
[  384160ms] [ERROR] WebSocket connection to 'ws://localhost:4444/db07332f-0cc4-4d8f-aea0-75c04f8705bd' failed: Error in connection establishment: net::ERR_CONNECTION_REFUSED @ http://localhost:3000/_next/static/chunks/node_modules__pnpm_0.3z_6x._.js:19060
[  391413ms] [ERROR] WebSocket connection to 'ws://localhost:4444/db07332f-0cc4-4d8f-aea0-75c04f8705bd' failed: Error in connection establishment: net::ERR_CONNECTION_REFUSED @ http://localhost:3000/_next/static/chunks/node_modules__pnpm_0.3z_6x._.js:19060
[  396711ms] [ERROR] WebSocket connection to 'ws://localhost:4444/db07332f-0cc4-4d8f-aea0-75c04f8705bd' failed: Error in connection establishment: net::ERR_CONNECTION_REFUSED @ http://localhost:3000/_next/static/chunks/node_modules__pnpm_0.3z_6x._.js:19060
[  401247ms] [ERROR] WebSocket connection to 'ws://localhost:4444/db07332f-0cc4-4d8f-aea0-75c04f8705bd' failed: Error in connection establishment: net::ERR_CONNECTION_REFUSED @ http://localhost:3000/_next/static/chunks/node_modules__pnpm_0.3z_6x._.js:19060
[  406719ms] [ERROR] WebSocket connection to 'ws://localhost:4444/db07332f-0cc4-4d8f-aea0-75c04f8705bd' failed: Error in connection establishment: net::ERR_CONNECTION_REFUSED @ http://localhost:3000/_next/static/chunks/node_modules__pnpm_0.3z_6x._.js:19060
[  410639ms] [ERROR] WebSocket connection to 'ws://localhost:4444/db07332f-0cc4-4d8f-aea0-75c04f8705bd' failed: Error in connection establishment: net::ERR_CONNECTION_REFUSED @ http://localhost:3000/_next/static/chunks/node_modules__pnpm_0.3z_6x._.js:19060
[  415653ms] [ERROR] WebSocket connection to 'ws://localhost:4444/db07332f-0cc4-4d8f-aea0-75c04f8705bd' failed: Error in connection establishment: net::ERR_CONNECTION_REFUSED @ http://localhost:3000/_next/static/chunks/node_modules__pnpm_0.3z_6x._.js:19060
[  422311ms] [ERROR] WebSocket connection to 'ws://localhost:4444/db07332f-0cc4-4d8f-aea0-75c04f8705bd' failed: Error in connection establishment: net::ERR_CONNECTION_REFUSED @ http://localhost:3000/_next/static/chunks/node_modules__pnpm_0.3z_6x._.js:19060
[  427553ms] [ERROR] WebSocket connection to 'ws://localhost:4444/db07332f-0cc4-4d8f-aea0-75c04f8705bd' failed: Error in connection establishment: net::ERR_CONNECTION_REFUSED @ http://localhost:3000/_next/static/chunks/node_modules__pnpm_0.3z_6x._.js:19060
[  432234ms] [ERROR] WebSocket connection to 'ws://localhost:4444/db07332f-0cc4-4d8f-aea0-75c04f8705bd' failed: Error in connection establishment: net::ERR_CONNECTION_REFUSED @ http://localhost:3000/_next/static/chunks/node_modules__pnpm_0.3z_6x._.js:19060
[  439268ms] [ERROR] WebSocket connection to 'ws://localhost:4444/db07332f-0cc4-4d8f-aea0-75c04f8705bd' failed: Error in connection establishment: net::ERR_CONNECTION_REFUSED @ http://localhost:3000/_next/static/chunks/node_modules__pnpm_0.3z_6x._.js:19060
[  446306ms] [ERROR] WebSocket connection to 'ws://localhost:4444/db07332f-0cc4-4d8f-aea0-75c04f8705bd' failed: Error in connection establishment: net::ERR_CONNECTION_REFUSED @ http://localhost:3000/_next/static/chunks/node_modules__pnpm_0.3z_6x._.js:19060
[  453648ms] [ERROR] WebSocket connection to 'ws://localhost:4444/db07332f-0cc4-4d8f-aea0-75c04f8705bd' failed: Error in connection establishment: net::ERR_CONNECTION_REFUSED @ http://localhost:3000/_next/static/chunks/node_modules__pnpm_0.3z_6x._.js:19060
[  457970ms] [ERROR] WebSocket connection to 'ws://localhost:4444/db07332f-0cc4-4d8f-aea0-75c04f8705bd' failed: Error in connection establishment: net::ERR_CONNECTION_REFUSED @ http://localhost:3000/_next/static/chunks/node_modules__pnpm_0.3z_6x._.js:19060
[  463696ms] [ERROR] WebSocket connection to 'ws://localhost:4444/db07332f-0cc4-4d8f-aea0-75c04f8705bd' failed: Error in connection establishment: net::ERR_CONNECTION_REFUSED @ http://localhost:3000/_next/static/chunks/node_modules__pnpm_0.3z_6x._.js:19060
[  470848ms] [ERROR] WebSocket connection to 'ws://localhost:4444/db07332f-0cc4-4d8f-aea0-75c04f8705bd' failed: Error in connection establishment: net::ERR_CONNECTION_REFUSED @ http://localhost:3000/_next/static/chunks/node_modules__pnpm_0.3z_6x._.js:19060
[  474628ms] [ERROR] WebSocket connection to 'ws://localhost:4444/db07332f-0cc4-4d8f-aea0-75c04f8705bd' failed: Error in connection establishment: net::ERR_CONNECTION_REFUSED @ http://localhost:3000/_next/static/chunks/node_modules__pnpm_0.3z_6x._.js:19060
[  478312ms] [ERROR] WebSocket connection to 'ws://localhost:4444/db07332f-0cc4-4d8f-aea0-75c04f8705bd' failed: Error in connection establishment: net::ERR_CONNECTION_REFUSED @ http://localhost:3000/_next/static/chunks/node_modules__pnpm_0.3z_6x._.js:19060
[  480012ms] [WARNING] [React Flow]: It looks like you've created a new nodeTypes or edgeTypes object. If this wasn't on purpose please define the nodeTypes/edgeTypes outside of the component or memoize them. Help: https://reactflow.dev/error#002 @ http://localhost:3000/_next/static/chunks/11y7_next_dist_0bi0ewc._.js:2431
[  483152ms] [ERROR] WebSocket connection to 'ws://localhost:4444/db07332f-0cc4-4d8f-aea0-75c04f8705bd' failed: Error in connection establishment: net::ERR_CONNECTION_REFUSED @ http://localhost:3000/_next/static/chunks/node_modules__pnpm_0.3z_6x._.js:19060
[  484384ms] [ERROR] WebSocket connection to 'ws://localhost:4444/db07332f-0cc4-4d8f-aea0-75c04f8705bd' failed: Error in connection establishment: net::ERR_CONNECTION_REFUSED @ http://localhost:3000/_next/static/chunks/node_modules__pnpm_0.3z_6x._.js:19060
[  485466ms] [ERROR] WebSocket connection to 'ws://localhost:4444/db07332f-0cc4-4d8f-aea0-75c04f8705bd' failed: Error in connection establishment: net::ERR_CONNECTION_REFUSED @ http://localhost:3000/_next/static/chunks/node_modules__pnpm_0.3z_6x._.js:19060
[  486936ms] [ERROR] WebSocket connection to 'ws://localhost:4444/db07332f-0cc4-4d8f-aea0-75c04f8705bd' failed: Error in connection establishment: net::ERR_CONNECTION_REFUSED @ http://localhost:3000/_next/static/chunks/node_modules__pnpm_0.3z_6x._.js:19060
[  490650ms] [ERROR] WebSocket connection to 'ws://localhost:4444/db07332f-0cc4-4d8f-aea0-75c04f8705bd' failed: Error in connection establishment: net::ERR_CONNECTION_REFUSED @ http://localhost:3000/_next/static/chunks/node_modules__pnpm_0.3z_6x._.js:19060
[  498062ms] [ERROR] WebSocket connection to 'ws://localhost:4444/db07332f-0cc4-4d8f-aea0-75c04f8705bd' failed: Error in connection establishment: net::ERR_CONNECTION_REFUSED @ http://localhost:3000/_next/static/chunks/node_modules__pnpm_0.3z_6x._.js:19060
[  502982ms] [ERROR] WebSocket connection to 'ws://localhost:4444/db07332f-0cc4-4d8f-aea0-75c04f8705bd' failed: Error in connection establishment: net::ERR_CONNECTION_REFUSED @ http://localhost:3000/_next/static/chunks/node_modules__pnpm_0.3z_6x._.js:19060
[  506997ms] [ERROR] WebSocket connection to 'ws://localhost:4444/db07332f-0cc4-4d8f-aea0-75c04f8705bd' failed: Error in connection establishment: net::ERR_CONNECTION_REFUSED @ http://localhost:3000/_next/static/chunks/node_modules__pnpm_0.3z_6x._.js:19060
[  511731ms] [ERROR] WebSocket connection to 'ws://localhost:4444/db07332f-0cc4-4d8f-aea0-75c04f8705bd' failed: Error in connection establishment: net::ERR_CONNECTION_REFUSED @ http://localhost:3000/_next/static/chunks/node_modules__pnpm_0.3z_6x._.js:19060
[  517932ms] [ERROR] WebSocket connection to 'ws://localhost:4444/db07332f-0cc4-4d8f-aea0-75c04f8705bd' failed: Error in connection establishment: net::ERR_CONNECTION_REFUSED @ http://localhost:3000/_next/static/chunks/node_modules__pnpm_0.3z_6x._.js:19060
[  523434ms] [ERROR] WebSocket connection to 'ws://localhost:4444/db07332f-0cc4-4d8f-aea0-75c04f8705bd' failed: Error in connection establishment: net::ERR_CONNECTION_REFUSED @ http://localhost:3000/_next/static/chunks/node_modules__pnpm_0.3z_6x._.js:19060
[  530430ms] [ERROR] WebSocket connection to 'ws://localhost:4444/db07332f-0cc4-4d8f-aea0-75c04f8705bd' failed: Error in connection establishment: net::ERR_CONNECTION_REFUSED @ http://localhost:3000/_next/static/chunks/node_modules__pnpm_0.3z_6x._.js:19060
[  534512ms] [ERROR] WebSocket connection to 'ws://localhost:4444/db07332f-0cc4-4d8f-aea0-75c04f8705bd' failed: Error in connection establishment: net::ERR_CONNECTION_REFUSED @ http://localhost:3000/_next/static/chunks/node_modules__pnpm_0.3z_6x._.js:19060
[  538228ms] [ERROR] WebSocket connection to 'ws://localhost:4444/db07332f-0cc4-4d8f-aea0-75c04f8705bd' failed: Error in connection establishment: net::ERR_CONNECTION_REFUSED @ http://localhost:3000/_next/static/chunks/node_modules__pnpm_0.3z_6x._.js:19060
[  542018ms] [ERROR] WebSocket connection to 'ws://localhost:4444/db07332f-0cc4-4d8f-aea0-75c04f8705bd' failed: Error in connection establishment: net::ERR_CONNECTION_REFUSED @ http://localhost:3000/_next/static/chunks/node_modules__pnpm_0.3z_6x._.js:19060
[  546533ms] [ERROR] WebSocket connection to 'ws://localhost:4444/db07332f-0cc4-4d8f-aea0-75c04f8705bd' failed: Error in connection establishment: net::ERR_CONNECTION_REFUSED @ http://localhost:3000/_next/static/chunks/node_modules__pnpm_0.3z_6x._.js:19060
[  550240ms] [ERROR] WebSocket connection to 'ws://localhost:4444/db07332f-0cc4-4d8f-aea0-75c04f8705bd' failed: Error in connection establishment: net::ERR_CONNECTION_REFUSED @ http://localhost:3000/_next/static/chunks/node_modules__pnpm_0.3z_6x._.js:19060
[  555662ms] [ERROR] WebSocket connection to 'ws://localhost:4444/db07332f-0cc4-4d8f-aea0-75c04f8705bd' failed: Error in connection establishment: net::ERR_CONNECTION_REFUSED @ http://localhost:3000/_next/static/chunks/node_modules__pnpm_0.3z_6x._.js:19060
[  560384ms] [ERROR] WebSocket connection to 'ws://localhost:4444/db07332f-0cc4-4d8f-aea0-75c04f8705bd' failed: Error in connection establishment: net::ERR_CONNECTION_REFUSED @ http://localhost:3000/_next/static/chunks/node_modules__pnpm_0.3z_6x._.js:19060
[  565084ms] [ERROR] WebSocket connection to 'ws://localhost:4444/db07332f-0cc4-4d8f-aea0-75c04f8705bd' failed: Error in connection establishment: net::ERR_CONNECTION_REFUSED @ http://localhost:3000/_next/static/chunks/node_modules__pnpm_0.3z_6x._.js:19060
[  569698ms] [ERROR] WebSocket connection to 'ws://localhost:4444/db07332f-0cc4-4d8f-aea0-75c04f8705bd' failed: Error in connection establishment: net::ERR_CONNECTION_REFUSED @ http://localhost:3000/_next/static/chunks/node_modules__pnpm_0.3z_6x._.js:19060
[  575495ms] [ERROR] WebSocket connection to 'ws://localhost:4444/db07332f-0cc4-4d8f-aea0-75c04f8705bd' failed: Error in connection establishment: net::ERR_CONNECTION_REFUSED @ http://localhost:3000/_next/static/chunks/node_modules__pnpm_0.3z_6x._.js:19060
[  582758ms] [ERROR] WebSocket connection to 'ws://localhost:4444/db07332f-0cc4-4d8f-aea0-75c04f8705bd' failed: Error in connection establishment: net::ERR_CONNECTION_REFUSED @ http://localhost:3000/_next/static/chunks/node_modules__pnpm_0.3z_6x._.js:19060
[  587078ms] [ERROR] WebSocket connection to 'ws://localhost:4444/db07332f-0cc4-4d8f-aea0-75c04f8705bd' failed: Error in connection establishment: net::ERR_CONNECTION_REFUSED @ http://localhost:3000/_next/static/chunks/node_modules__pnpm_0.3z_6x._.js:19060
[  590464ms] [ERROR] WebSocket connection to 'ws://localhost:4444/db07332f-0cc4-4d8f-aea0-75c04f8705bd' failed: Error in connection establishment: net::ERR_CONNECTION_REFUSED @ http://localhost:3000/_next/static/chunks/node_modules__pnpm_0.3z_6x._.js:19060
[  593808ms] [ERROR] WebSocket connection to 'ws://localhost:4444/db07332f-0cc4-4d8f-aea0-75c04f8705bd' failed: Error in connection establishment: net::ERR_CONNECTION_REFUSED @ http://localhost:3000/_next/static/chunks/node_modules__pnpm_0.3z_6x._.js:19060
[  597268ms] [ERROR] WebSocket connection to 'ws://localhost:4444/db07332f-0cc4-4d8f-aea0-75c04f8705bd' failed: Error in connection establishment: net::ERR_CONNECTION_REFUSED @ http://localhost:3000/_next/static/chunks/node_modules__pnpm_0.3z_6x._.js:19060
[  604384ms] [ERROR] WebSocket connection to 'ws://localhost:4444/db07332f-0cc4-4d8f-aea0-75c04f8705bd' failed: Error in connection establishment: net::ERR_CONNECTION_REFUSED @ http://localhost:3000/_next/static/chunks/node_modules__pnpm_0.3z_6x._.js:19060
[  607977ms] [ERROR] WebSocket connection to 'ws://localhost:4444/db07332f-0cc4-4d8f-aea0-75c04f8705bd' failed: Error in connection establishment: net::ERR_CONNECTION_REFUSED @ http://localhost:3000/_next/static/chunks/node_modules__pnpm_0.3z_6x._.js:19060
[  612666ms] [ERROR] WebSocket connection to 'ws://localhost:4444/db07332f-0cc4-4d8f-aea0-75c04f8705bd' failed: Error in connection establishment: net::ERR_CONNECTION_REFUSED @ http://localhost:3000/_next/static/chunks/node_modules__pnpm_0.3z_6x._.js:19060
[  617336ms] [ERROR] WebSocket connection to 'ws://localhost:4444/db07332f-0cc4-4d8f-aea0-75c04f8705bd' failed: Error in connection establishment: net::ERR_CONNECTION_REFUSED @ http://localhost:3000/_next/static/chunks/node_modules__pnpm_0.3z_6x._.js:19060
[  621047ms] [ERROR] WebSocket connection to 'ws://localhost:4444/db07332f-0cc4-4d8f-aea0-75c04f8705bd' failed: Error in connection establishment: net::ERR_CONNECTION_REFUSED @ http://localhost:3000/_next/static/chunks/node_modules__pnpm_0.3z_6x._.js:19060
[  626210ms] [ERROR] WebSocket connection to 'ws://localhost:4444/db07332f-0cc4-4d8f-aea0-75c04f8705bd' failed: Error in connection establishment: net::ERR_CONNECTION_REFUSED @ http://localhost:3000/_next/static/chunks/node_modules__pnpm_0.3z_6x._.js:19060
[  631871ms] [ERROR] WebSocket connection to 'ws://localhost:4444/db07332f-0cc4-4d8f-aea0-75c04f8705bd' failed: Error in connection establishment: net::ERR_CONNECTION_REFUSED @ http://localhost:3000/_next/static/chunks/node_modules__pnpm_0.3z_6x._.js:19060
[  638960ms] [ERROR] WebSocket connection to 'ws://localhost:4444/db07332f-0cc4-4d8f-aea0-75c04f8705bd' failed: Error in connection establishment: net::ERR_CONNECTION_REFUSED @ http://localhost:3000/_next/static/chunks/node_modules__pnpm_0.3z_6x._.js:19060
[  642619ms] [ERROR] WebSocket connection to 'ws://localhost:4444/db07332f-0cc4-4d8f-aea0-75c04f8705bd' failed: Error in connection establishment: net::ERR_CONNECTION_REFUSED @ http://localhost:3000/_next/static/chunks/node_modules__pnpm_0.3z_6x._.js:19060
[  647194ms] [ERROR] WebSocket connection to 'ws://localhost:4444/db07332f-0cc4-4d8f-aea0-75c04f8705bd' failed: Error in connection establishment: net::ERR_CONNECTION_REFUSED @ http://localhost:3000/_next/static/chunks/node_modules__pnpm_0.3z_6x._.js:19060
[  651755ms] [ERROR] WebSocket connection to 'ws://localhost:4444/db07332f-0cc4-4d8f-aea0-75c04f8705bd' failed: Error in connection establishment: net::ERR_CONNECTION_REFUSED @ http://localhost:3000/_next/static/chunks/node_modules__pnpm_0.3z_6x._.js:19060
[  657059ms] [ERROR] WebSocket connection to 'ws://localhost:4444/db07332f-0cc4-4d8f-aea0-75c04f8705bd' failed: Error in connection establishment: net::ERR_CONNECTION_REFUSED @ http://localhost:3000/_next/static/chunks/node_modules__pnpm_0.3z_6x._.js:19060
[  663758ms] [ERROR] WebSocket connection to 'ws://localhost:4444/db07332f-0cc4-4d8f-aea0-75c04f8705bd' failed: Error in connection establishment: net::ERR_CONNECTION_REFUSED @ http://localhost:3000/_next/static/chunks/node_modules__pnpm_0.3z_6x._.js:19060
[  668386ms] [ERROR] WebSocket connection to 'ws://localhost:4444/db07332f-0cc4-4d8f-aea0-75c04f8705bd' failed: Error in connection establishment: net::ERR_CONNECTION_REFUSED @ http://localhost:3000/_next/static/chunks/node_modules__pnpm_0.3z_6x._.js:19060
[  671948ms] [ERROR] WebSocket connection to 'ws://localhost:4444/db07332f-0cc4-4d8f-aea0-75c04f8705bd' failed: Error in connection establishment: net::ERR_CONNECTION_REFUSED @ http://localhost:3000/_next/static/chunks/node_modules__pnpm_0.3z_6x._.js:19060
[  678302ms] [ERROR] WebSocket connection to 'ws://localhost:4444/db07332f-0cc4-4d8f-aea0-75c04f8705bd' failed: Error in connection establishment: net::ERR_CONNECTION_REFUSED @ http://localhost:3000/_next/static/chunks/node_modules__pnpm_0.3z_6x._.js:19060
[  682267ms] [ERROR] WebSocket connection to 'ws://localhost:4444/db07332f-0cc4-4d8f-aea0-75c04f8705bd' failed: Error in connection establishment: net::ERR_CONNECTION_REFUSED @ http://localhost:3000/_next/static/chunks/node_modules__pnpm_0.3z_6x._.js:19060
[  687051ms] [ERROR] WebSocket connection to 'ws://localhost:4444/db07332f-0cc4-4d8f-aea0-75c04f8705bd' failed: Error in connection establishment: net::ERR_CONNECTION_REFUSED @ http://localhost:3000/_next/static/chunks/node_modules__pnpm_0.3z_6x._.js:19060
[  691126ms] [ERROR] WebSocket connection to 'ws://localhost:4444/db07332f-0cc4-4d8f-aea0-75c04f8705bd' failed: Error in connection establishment: net::ERR_CONNECTION_REFUSED @ http://localhost:3000/_next/static/chunks/node_modules__pnpm_0.3z_6x._.js:19060
[  695664ms] [ERROR] WebSocket connection to 'ws://localhost:4444/db07332f-0cc4-4d8f-aea0-75c04f8705bd' failed: Error in connection establishment: net::ERR_CONNECTION_REFUSED @ http://localhost:3000/_next/static/chunks/node_modules__pnpm_0.3z_6x._.js:19060
[  701782ms] [ERROR] WebSocket connection to 'ws://localhost:4444/db07332f-0cc4-4d8f-aea0-75c04f8705bd' failed: Error in connection establishment: net::ERR_CONNECTION_REFUSED @ http://localhost:3000/_next/static/chunks/node_modules__pnpm_0.3z_6x._.js:19060
[  708496ms] [ERROR] WebSocket connection to 'ws://localhost:4444/db07332f-0cc4-4d8f-aea0-75c04f8705bd' failed: Error in connection establishment: net::ERR_CONNECTION_REFUSED @ http://localhost:3000/_next/static/chunks/node_modules__pnpm_0.3z_6x._.js:19060
[  713833ms] [ERROR] WebSocket connection to 'ws://localhost:4444/db07332f-0cc4-4d8f-aea0-75c04f8705bd' failed: Error in connection establishment: net::ERR_CONNECTION_REFUSED @ http://localhost:3000/_next/static/chunks/node_modules__pnpm_0.3z_6x._.js:19060
[  719211ms] [ERROR] WebSocket connection to 'ws://localhost:4444/db07332f-0cc4-4d8f-aea0-75c04f8705bd' failed: Error in connection establishment: net::ERR_CONNECTION_REFUSED @ http://localhost:3000/_next/static/chunks/node_modules__pnpm_0.3z_6x._.js:19060
[  725109ms] [ERROR] WebSocket connection to 'ws://localhost:4444/db07332f-0cc4-4d8f-aea0-75c04f8705bd' failed: Error in connection establishment: net::ERR_CONNECTION_REFUSED @ http://localhost:3000/_next/static/chunks/node_modules__pnpm_0.3z_6x._.js:19060
[  731174ms] [ERROR] WebSocket connection to 'ws://localhost:4444/db07332f-0cc4-4d8f-aea0-75c04f8705bd' failed: Error in connection establishment: net::ERR_CONNECTION_REFUSED @ http://localhost:3000/_next/static/chunks/node_modules__pnpm_0.3z_6x._.js:19060
[  738371ms] [ERROR] WebSocket connection to 'ws://localhost:4444/db07332f-0cc4-4d8f-aea0-75c04f8705bd' failed: Error in connection establishment: net::ERR_CONNECTION_REFUSED @ http://localhost:3000/_next/static/chunks/node_modules__pnpm_0.3z_6x._.js:19060
[  742976ms] [ERROR] WebSocket connection to 'ws://localhost:4444/db07332f-0cc4-4d8f-aea0-75c04f8705bd' failed: Error in connection establishment: net::ERR_CONNECTION_REFUSED @ http://localhost:3000/_next/static/chunks/node_modules__pnpm_0.3z_6x._.js:19060
[  747339ms] [ERROR] WebSocket connection to 'ws://localhost:4444/db07332f-0cc4-4d8f-aea0-75c04f8705bd' failed: Error in connection establishment: net::ERR_CONNECTION_REFUSED @ http://localhost:3000/_next/static/chunks/node_modules__pnpm_0.3z_6x._.js:19060
[  751728ms] [ERROR] WebSocket connection to 'ws://localhost:4444/db07332f-0cc4-4d8f-aea0-75c04f8705bd' failed: Error in connection establishment: net::ERR_CONNECTION_REFUSED @ http://localhost:3000/_next/static/chunks/node_modules__pnpm_0.3z_6x._.js:19060
[  756918ms] [ERROR] WebSocket connection to 'ws://localhost:4444/db07332f-0cc4-4d8f-aea0-75c04f8705bd' failed: Error in connection establishment: net::ERR_CONNECTION_REFUSED @ http://localhost:3000/_next/static/chunks/node_modules__pnpm_0.3z_6x._.js:19060
[  763809ms] [ERROR] WebSocket connection to 'ws://localhost:4444/db07332f-0cc4-4d8f-aea0-75c04f8705bd' failed: Error in connection establishment: net::ERR_CONNECTION_REFUSED @ http://localhost:3000/_next/static/chunks/node_modules__pnpm_0.3z_6x._.js:19060
